构造标签集[1110001011, 0, 0010001001, 1, 1011111101, 2, 0011000000, 3, 1100110011, 4, 0000010011, 5, 0001111110, 6, 0010100101, 7, 0010101011, 8, 1111100000, 9, 0001111011, 10, 1010100101, 11, 1101110001, 12, 1111000101, 13, 0110011011, 14, 1110101001, 15, 0110000100, 16, 0010101010, 17, 1010101101, 18, 1110000010, 19]
----------帧开始----------
----------增加标签1110001011----------
i = 0
-----更新CCB-----
CCB: {[1110001011, {1110001011 }], }
-----CCB和PCB没重复，增加标签-----
-----结束时状态-----
CUCS: {0, }
CCB: {[1110001011, {1110001011 }], }
PCB: {[NS, {}], [1110001011, {1110001011 }], }
----------增加标签0010001001----------
i = 1
-----更新CCB-----
CCB: {[XX100010X1, {0010001001 1110001011 }], [0010001001, {0010001001 }], }
-----CCB和PCB没重复，增加标签-----
-----结束时状态-----
CUCS: {0, 1, }
CCB: {[XX100010X1, {0010001001 1110001011 }], [0010001001, {0010001001 }], }
PCB: {[NS, {}], [XX100010X1, {0010001001 1110001011 }], [0010001001, {0010001001 }], [1110001011, {1110001011 }], }
----------增加标签1011111101----------
i = 2
-----更新CCB-----
CCB: {[1X1XXX1XX1, {1011111101 1110001011 }], [1011111101, {1011111101 }], [XX1XXX1XX1, {1011111101 0010001001 1110001011 }], [X01XXX1X01, {1011111101 0010001001 }], }
-----CCB和PCB没重复，增加标签-----
-----结束时状态-----
CUCS: {0, 1, 2, }
CCB: {[1X1XXX1XX1, {1011111101 1110001011 }], [1011111101, {1011111101 }], [XX1XXX1XX1, {1011111101 0010001001 1110001011 }], [X01XXX1X01, {1011111101 0010001001 }], }
PCB: {[1X1XXX1XX1, {1011111101 1110001011 }], [NS, {}], [1011111101, {1011111101 }], [XX100010X1, {0010001001 1110001011 }], [XX1XXX1XX1, {1011111101 0010001001 1110001011 }], [X01XXX1X01, {1011111101 0010001001 }], [0010001001, {0010001001 }], [1110001011, {1110001011 }], }
----------增加标签0011000000----------
i = 3
-----更新CCB-----
CCB: {[XX1X00X0XX, {0011000000 0010001001 1110001011 }], [0011000000, {0011000000 }], [XX1XXXXXXX, {1011111101 0011000000 1110001011 }], [X011XXXX0X, {1011111101 0011000000 }], [X01XXXXX0X, {1011111101 0011000000 0010001001 }], [001X00X00X, {0011000000 0010001001 }], }
-----CCB和PCB有重复，不再增加标签-----
-----广播0和3-----
---------------标签的ASC在[0和3) 之间的标签发送ID-----------------
****标签（0010001001, 1）接收广播时发生错误****
****标签（0011000000, 3）接收广播时发生错误****
****标签（1111000101, 13）接收广播时发生错误****
****标签（1011111101, 2）发送反馈时发生错误****
receive msg from tag: 
-----重置状态-----
CUCS: {}
CCB: {[0011000000, {}], }
PCB: {[NS, {}], }

----------增加标签0011000000----------
i = 3
-----更新CCB-----
CCB: {[0011000000, {0011000000 }], }
-----CCB和PCB没重复，增加标签-----
-----结束时状态-----
CUCS: {3, }
CCB: {[0011000000, {0011000000 }], }
PCB: {[NS, {}], [0011000000, {0011000000 }], }
----------增加标签1100110011----------
i = 4
-----更新CCB-----
CCB: {[1100110011, {1100110011 }], [XXXXXX00XX, {1100110011 0011000000 }], }
-----CCB和PCB没重复，增加标签-----
-----结束时状态-----
CUCS: {3, 4, }
CCB: {[1100110011, {1100110011 }], [XXXXXX00XX, {1100110011 0011000000 }], }
PCB: {[1100110011, {1100110011 }], [NS, {}], [0011000000, {0011000000 }], [XXXXXX00XX, {1100110011 0011000000 }], }
----------增加标签0000010011----------
i = 5
-----更新CCB-----
CCB: {[XX00X10011, {1100110011 0000010011 }], [00XX0X00XX, {0011000000 0000010011 }], [XXXXXX00XX, {1100110011 0011000000 0000010011 }], [0000010011, {0000010011 }], }
-----CCB和PCB有重复，不再增加标签-----
-----广播3和2-----
---------------标签的ASC在[3和5) 之间的标签发送ID-----------------
receive msg from tag: XXXXXX00XX
识别标签[1100110011, 0011000000]
-----重置状态-----
CUCS: {}
CCB: {[0000010011, {}], }
PCB: {[NS, {}], }

----------增加标签0000010011----------
i = 5
-----更新CCB-----
CCB: {[0000010011, {0000010011 }], }
-----CCB和PCB没重复，增加标签-----
-----结束时状态-----
CUCS: {5, }
CCB: {[0000010011, {0000010011 }], }
PCB: {[NS, {}], [0000010011, {0000010011 }], }
----------增加标签0001111110----------
i = 6
-----更新CCB-----
CCB: {[000XX1XX1X, {0001111110 0000010011 }], [0001111110, {0001111110 }], }
-----CCB和PCB没重复，增加标签-----
-----结束时状态-----
CUCS: {5, 6, }
CCB: {[000XX1XX1X, {0001111110 0000010011 }], [0001111110, {0001111110 }], }
PCB: {[NS, {}], [000XX1XX1X, {0001111110 0000010011 }], [0001111110, {0001111110 }], [0000010011, {0000010011 }], }
----------增加标签0010100101----------
i = 7
-----更新CCB-----
CCB: {[00XXXXXXXX, {0010100101 0001111110 0000010011 }], [00XX1XX1XX, {0010100101 0001111110 }], [0010100101, {0010100101 }], [00X0XX0XX1, {0010100101 0000010011 }], }
-----CCB和PCB没重复，增加标签-----
-----结束时状态-----
CUCS: {5, 6, 7, }
CCB: {[00XXXXXXXX, {0010100101 0001111110 0000010011 }], [00XX1XX1XX, {0010100101 0001111110 }], [0010100101, {0010100101 }], [00X0XX0XX1, {0010100101 0000010011 }], }
PCB: {[00XXXXXXXX, {0010100101 0001111110 0000010011 }], [00XX1XX1XX, {0010100101 0001111110 }], [NS, {}], [000XX1XX1X, {0001111110 0000010011 }], [0010100101, {0010100101 }], [0001111110, {0001111110 }], [0000010011, {0000010011 }], [00X0XX0XX1, {0010100101 0000010011 }], }
----------增加标签0010101011----------
i = 8
-----更新CCB-----
CCB: {[00XXXXXXXX, {0010100101 0001111110 0010101011 0000010011 }], [00XX1XXXXX, {0010100101 0001111110 0010101011 }], [00XXXXXX1X, {0001111110 0010101011 0000010011 }], [00XX1X1X1X, {0001111110 0010101011 }], [00X0XXX011, {0010101011 0000010011 }], [00X0XXXXX1, {0010100101 0010101011 0000010011 }], [0010101011, {0010101011 }], [001010XXX1, {0010100101 0010101011 }], }
-----CCB和PCB有重复，不再增加标签-----
-----广播5和3-----
---------------标签的ASC在[5和8) 之间的标签发送ID-----------------
****标签（1111000101, 13）接收广播时发生错误****
****标签（1010101101, 18）接收广播时发生错误****
****标签（0000010011, 5）发送反馈时发生错误****
receive msg from tag: 00XX1XX1XX
识别标签[0010100101, 0001111110]
-----重置状态-----
CUCS: {}
CCB: {[0010101011, {}], }
PCB: {[NS, {}], }

----------增加标签0010101011----------
i = 8
-----更新CCB-----
CCB: {[0010101011, {0010101011 }], }
-----CCB和PCB没重复，增加标签-----
-----结束时状态-----
CUCS: {8, }
CCB: {[0010101011, {0010101011 }], }
PCB: {[NS, {}], [0010101011, {0010101011 }], }
----------增加标签1111100000----------
i = 9
-----更新CCB-----
CCB: {[XX1X10X0XX, {1111100000 0010101011 }], [1111100000, {1111100000 }], }
-----CCB和PCB没重复，增加标签-----
-----结束时状态-----
CUCS: {8, 9, }
CCB: {[XX1X10X0XX, {1111100000 0010101011 }], [1111100000, {1111100000 }], }
PCB: {[XX1X10X0XX, {1111100000 0010101011 }], [1111100000, {1111100000 }], [NS, {}], [0010101011, {0010101011 }], }
----------增加标签0001111011----------
i = 10
-----更新CCB-----
CCB: {[XXXX1XX0XX, {1111100000 0010101011 0001111011 }], [XXX11XX0XX, {1111100000 0001111011 }], [00XX1X1011, {0010101011 0001111011 }], [0001111011, {0001111011 }], }
-----CCB和PCB没重复，增加标签-----
-----结束时状态-----
CUCS: {8, 9, 10, }
CCB: {[XXXX1XX0XX, {1111100000 0010101011 0001111011 }], [XXX11XX0XX, {1111100000 0001111011 }], [00XX1X1011, {0010101011 0001111011 }], [0001111011, {0001111011 }], }
PCB: {[XXXX1XX0XX, {1111100000 0010101011 0001111011 }], [XX1X10X0XX, {1111100000 0010101011 }], [1111100000, {1111100000 }], [XXX11XX0XX, {1111100000 0001111011 }], [00XX1X1011, {0010101011 0001111011 }], [NS, {}], [0010101011, {0010101011 }], [0001111011, {0001111011 }], }
----------增加标签1010100101----------
i = 11
-----更新CCB-----
CCB: {[1X1X100X0X, {1111100000 1010100101 }], [X0XX1XXXX1, {0010101011 0001111011 1010100101 }], [XXXX1XXXXX, {1111100000 0010101011 0001111011 1010100101 }], [XX1X10XXXX, {1111100000 0010101011 1010100101 }], [X01010XXX1, {0010101011 1010100101 }], [1010100101, {1010100101 }], }
-----CCB和PCB有重复，不再增加标签-----
-----广播8和3-----
---------------标签的ASC在[8和11) 之间的标签发送ID-----------------
****标签（0001111110, 6）接收广播时发生错误****
****标签（1111000101, 13）接收广播时发生错误****
receive msg from tag: XXXX1XX0XX
识别标签[1111100000, 0010101011, 0001111011]
-----重置状态-----
CUCS: {}
CCB: {[1010100101, {}], }
PCB: {[NS, {}], }

----------增加标签1010100101----------
i = 11
-----更新CCB-----
CCB: {[1010100101, {1010100101 }], }
-----CCB和PCB没重复，增加标签-----
-----结束时状态-----
CUCS: {11, }
CCB: {[1010100101, {1010100101 }], }
PCB: {[NS, {}], [1010100101, {1010100101 }], }
----------增加标签1101110001----------
i = 12
-----更新CCB-----
CCB: {[1101110001, {1101110001 }], [1XXX1X0X01, {1101110001 1010100101 }], }
-----CCB和PCB没重复，增加标签-----
-----结束时状态-----
CUCS: {11, 12, }
CCB: {[1101110001, {1101110001 }], [1XXX1X0X01, {1101110001 1010100101 }], }
PCB: {[NS, {}], [1101110001, {1101110001 }], [1XXX1X0X01, {1101110001 1010100101 }], [1010100101, {1010100101 }], }
----------增加标签1111000101----------
i = 13
-----更新CCB-----
CCB: {[1X1XX00101, {1111000101 1010100101 }], [1111000101, {1111000101 }], [11X1XX0X01, {1111000101 1101110001 }], [1XXXXX0X01, {1111000101 1101110001 1010100101 }], }
-----CCB和PCB没重复，增加标签-----
-----结束时状态-----
CUCS: {11, 12, 13, }
CCB: {[1X1XX00101, {1111000101 1010100101 }], [1111000101, {1111000101 }], [11X1XX0X01, {1111000101 1101110001 }], [1XXXXX0X01, {1111000101 1101110001 1010100101 }], }
PCB: {[1X1XX00101, {1111000101 1010100101 }], [1111000101, {1111000101 }], [NS, {}], [11X1XX0X01, {1111000101 1101110001 }], [1101110001, {1101110001 }], [1XXX1X0X01, {1101110001 1010100101 }], [1XXXXX0X01, {1111000101 1101110001 1010100101 }], [1010100101, {1010100101 }], }
----------增加标签0110011011----------
i = 14
-----更新CCB-----
CCB: {[X11X0XXXX1, {1111000101 0110011011 }], [0110011011, {0110011011 }], [XXXXXXXXX1, {0110011011 1101110001 1010100101 }], [X1XXX1X0X1, {0110011011 1101110001 }], [X1XXXXXXX1, {1111000101 0110011011 1101110001 }], [XX10XXXXX1, {0110011011 1010100101 }], [XX1XXXXXX1, {1111000101 0110011011 1010100101 }], }
-----CCB和PCB有重复，不再增加标签-----
-----广播11和3-----
---------------标签的ASC在[11和14) 之间的标签发送ID-----------------
****标签（0001111110, 6）接收广播时发生错误****
****标签（1101110001, 12）接收广播时发生错误****
****标签（1010100101, 11）发送反馈时发生错误****
receive msg from tag: 1111000101
识别标签[1111000101]
-----重置状态-----
CUCS: {}
CCB: {[0110011011, {}], }
PCB: {[NS, {}], }

----------增加标签0110011011----------
i = 14
-----更新CCB-----
CCB: {[0110011011, {0110011011 }], }
-----CCB和PCB没重复，增加标签-----
-----结束时状态-----
CUCS: {14, }
CCB: {[0110011011, {0110011011 }], }
PCB: {[NS, {}], [0110011011, {0110011011 }], }
----------增加标签1110101001----------
i = 15
-----更新CCB-----
CCB: {[X110XX10X1, {0110011011 1110101001 }], [1110101001, {1110101001 }], }
-----CCB和PCB没重复，增加标签-----
-----结束时状态-----
CUCS: {14, 15, }
CCB: {[X110XX10X1, {0110011011 1110101001 }], [1110101001, {1110101001 }], }
PCB: {[NS, {}], [0110011011, {0110011011 }], [X110XX10X1, {0110011011 1110101001 }], [1110101001, {1110101001 }], }
----------增加标签0110000100----------
i = 16
-----更新CCB-----
CCB: {[X110XXXXXX, {0110011011 0110000100 1110101001 }], [01100XXXXX, {0110011011 0110000100 }], [0110000100, {0110000100 }], [X110X0XX0X, {0110000100 1110101001 }], }
-----CCB和PCB没重复，增加标签-----
-----结束时状态-----
CUCS: {16, 14, 15, }
CCB: {[X110XXXXXX, {0110011011 0110000100 1110101001 }], [01100XXXXX, {0110011011 0110000100 }], [0110000100, {0110000100 }], [X110X0XX0X, {0110000100 1110101001 }], }
PCB: {[X110XXXXXX, {0110011011 0110000100 1110101001 }], [NS, {}], [0110011011, {0110011011 }], [01100XXXXX, {0110011011 0110000100 }], [X110XX10X1, {0110011011 1110101001 }], [0110000100, {0110000100 }], [1110101001, {1110101001 }], [X110X0XX0X, {0110000100 1110101001 }], }
----------增加标签0010101010----------
i = 17
-----更新CCB-----
CCB: {[0X10XX101X, {0110011011 0010101010 }], [XX10X0XXXX, {0110000100 1110101001 0010101010 }], [XX10XXXXXX, {0110011011 0110000100 1110101001 0010101010 }], [0010101010, {0010101010 }], [0X10XXXXXX, {0110011011 0110000100 0010101010 }], [XX10XX10XX, {0110011011 1110101001 0010101010 }], [0X10X0XXX0, {0110000100 0010101010 }], [XX101010XX, {1110101001 0010101010 }], }
-----CCB和PCB没重复，增加标签-----
-----结束时状态-----
CUCS: {16, 17, 14, 15, }
CCB: {[0X10XX101X, {0110011011 0010101010 }], [XX10X0XXXX, {0110000100 1110101001 0010101010 }], [XX10XXXXXX, {0110011011 0110000100 1110101001 0010101010 }], [0010101010, {0010101010 }], [0X10XXXXXX, {0110011011 0110000100 0010101010 }], [XX10XX10XX, {0110011011 1110101001 0010101010 }], [0X10X0XXX0, {0110000100 0010101010 }], [XX101010XX, {1110101001 0010101010 }], }
PCB: {[0X10XX101X, {0110011011 0010101010 }], [NS, {}], [01100XXXXX, {0110011011 0110000100 }], [X110XX10X1, {0110011011 1110101001 }], [0110000100, {0110000100 }], [XX10XXXXXX, {0110011011 0110000100 1110101001 0010101010 }], [0010101010, {0010101010 }], [X110X0XX0X, {0110000100 1110101001 }], [X110XXXXXX, {0110011011 0110000100 1110101001 }], [0110011011, {0110011011 }], [XX10X0XXXX, {0110000100 1110101001 0010101010 }], [1110101001, {1110101001 }], [0X10XXXXXX, {0110011011 0110000100 0010101010 }], [XX10XX10XX, {0110011011 1110101001 0010101010 }], [0X10X0XXX0, {0110000100 0010101010 }], [XX101010XX, {1110101001 0010101010 }], }
----------增加标签1010101101----------
i = 18
-----更新CCB-----
CCB: {[XX10XX1XXX, {0110011011 0010101010 1010101101 }], [XX10X0XXXX, {0110000100 1110101001 0010101010 1010101101 }], [XX10101XXX, {1110101001 0010101010 1010101101 }], [XX10X0X10X, {0110000100 1010101101 }], [XX10XXXXXX, {0110011011 0110000100 1010101101 }], [XX10XX1XX1, {0110011011 1110101001 1010101101 }], [X010101XXX, {0010101010 1010101101 }], [XX10X0XX0X, {0110000100 1110101001 1010101101 }], [1010101101, {1010101101 }], [1X10101X01, {1110101001 1010101101 }], }
-----CCB和PCB有重复，不再增加标签-----
-----广播14和4-----
---------------标签的ASC在[14和18) 之间的标签发送ID-----------------
****标签（0010101011, 8）接收广播时发生错误****
****标签（0110000100, 16）发送反馈时发生错误****
receive msg from tag: X110XX10X1
识别标签[0110011011, 1110101001]
-----重置状态-----
CUCS: {}
CCB: {[1010101101, {}], }
PCB: {[NS, {}], }

----------增加标签1010101101----------
i = 18
-----更新CCB-----
CCB: {[1010101101, {1010101101 }], }
-----CCB和PCB没重复，增加标签-----
-----结束时状态-----
CUCS: {18, }
CCB: {[1010101101, {1010101101 }], }
PCB: {[NS, {}], [1010101101, {1010101101 }], }
----------增加标签1110000010----------
i = 19
-----更新CCB-----
CCB: {[1110000010, {1110000010 }], [1X10X0XXXX, {1110000010 1010101101 }], }
-----CCB和PCB没重复，增加标签-----
-----结束时状态-----
CUCS: {18, 19, }
CCB: {[1110000010, {1110000010 }], [1X10X0XXXX, {1110000010 1010101101 }], }
PCB: {[NS, {}], [1110000010, {1110000010 }], [1X10X0XXXX, {1110000010 1010101101 }], [1010101101, {1010101101 }], }
----------最后一个标签----------
-----广播18和2-----
----------------标签的ASC在[18和20) 之间的标签发送ID------------------
****标签（1010100101, 11）接收广播时发生错误****
****标签（1110101001, 15）接收广播时发生错误****
****标签（1010101101, 18）接收广播时发生错误****
receive msg from tag: 1110000010
识别标签[1110000010]
沉默标签0011000000
沉默标签1100110011
---------这轮识别结束，共消耗7个时隙
---------已识别标签列表如下：
1100110011
0011000000
0010100101
0001111110
1111100000
0010101011
0001111011
1111000101
0110011011
1110101001
1110000010
----------帧开始----------
----------增加标签1110001011----------
i = 0
-----更新CCB-----
CCB: {[1110001011, {1110001011 }], }
-----CCB和PCB没重复，增加标签-----
-----结束时状态-----
CUCS: {0, }
CCB: {[1110001011, {1110001011 }], }
PCB: {[NS, {}], [1110001011, {1110001011 }], }
----------增加标签0010001001----------
i = 1
-----更新CCB-----
CCB: {[XX100010X1, {0010001001 1110001011 }], [0010001001, {0010001001 }], }
-----CCB和PCB没重复，增加标签-----
-----结束时状态-----
CUCS: {0, 1, }
CCB: {[XX100010X1, {0010001001 1110001011 }], [0010001001, {0010001001 }], }
PCB: {[NS, {}], [XX100010X1, {0010001001 1110001011 }], [0010001001, {0010001001 }], [1110001011, {1110001011 }], }
----------增加标签1011111101----------
i = 2
-----更新CCB-----
CCB: {[1X1XXX1XX1, {1011111101 1110001011 }], [1011111101, {1011111101 }], [XX1XXX1XX1, {1011111101 0010001001 1110001011 }], [X01XXX1X01, {1011111101 0010001001 }], }
-----CCB和PCB没重复，增加标签-----
-----结束时状态-----
CUCS: {0, 1, 2, }
CCB: {[1X1XXX1XX1, {1011111101 1110001011 }], [1011111101, {1011111101 }], [XX1XXX1XX1, {1011111101 0010001001 1110001011 }], [X01XXX1X01, {1011111101 0010001001 }], }
PCB: {[1X1XXX1XX1, {1011111101 1110001011 }], [NS, {}], [1011111101, {1011111101 }], [XX100010X1, {0010001001 1110001011 }], [XX1XXX1XX1, {1011111101 0010001001 1110001011 }], [X01XXX1X01, {1011111101 0010001001 }], [0010001001, {0010001001 }], [1110001011, {1110001011 }], }
----------增加标签0000010011----------
i = 5
-----更新CCB-----
CCB: {[XXX00XX0X1, {0010001001 1110001011 0000010011 }], [XXXXXXXXX1, {1011111101 1110001011 0000010011 }], [00X00XX0X1, {0010001001 0000010011 }], [XXX00XX011, {1110001011 0000010011 }], [X0XXXXXXX1, {1011111101 0010001001 0000010011 }], [0000010011, {0000010011 }], [X0XXX1XXX1, {1011111101 0000010011 }], }
-----CCB和PCB有重复，不再增加标签-----
-----广播0和5-----
---------------标签的ASC在[0和5) 之间的标签发送ID-----------------
****标签（0010101011, 8）接收广播时发生错误****
****标签（1111100000, 9）接收广播时发生错误****
****标签（0110011011, 14）接收广播时发生错误****
****标签（0010101010, 17）接收广播时发生错误****
receive msg from tag: 1110001011
识别标签[1110001011]
-----重置状态-----
CUCS: {}
CCB: {[0000010011, {}], }
PCB: {[NS, {}], }

----------增加标签0000010011----------
i = 5
-----更新CCB-----
CCB: {[0000010011, {0000010011 }], }
-----CCB和PCB没重复，增加标签-----
-----结束时状态-----
CUCS: {5, }
CCB: {[0000010011, {0000010011 }], }
PCB: {[NS, {}], [0000010011, {0000010011 }], }
----------增加标签0001111110----------
i = 6
-----更新CCB-----
CCB: {[000XX1XX1X, {0001111110 0000010011 }], [0001111110, {0001111110 }], }
-----CCB和PCB没重复，增加标签-----
-----结束时状态-----
CUCS: {5, 6, }
CCB: {[000XX1XX1X, {0001111110 0000010011 }], [0001111110, {0001111110 }], }
PCB: {[NS, {}], [000XX1XX1X, {0001111110 0000010011 }], [0001111110, {0001111110 }], [0000010011, {0000010011 }], }
----------增加标签0010100101----------
i = 7
-----更新CCB-----
CCB: {[00XXXXXXXX, {0010100101 0001111110 0000010011 }], [00XX1XX1XX, {0010100101 0001111110 }], [0010100101, {0010100101 }], [00X0XX0XX1, {0010100101 0000010011 }], }
-----CCB和PCB没重复，增加标签-----
-----结束时状态-----
CUCS: {5, 6, 7, }
CCB: {[00XXXXXXXX, {0010100101 0001111110 0000010011 }], [00XX1XX1XX, {0010100101 0001111110 }], [0010100101, {0010100101 }], [00X0XX0XX1, {0010100101 0000010011 }], }
PCB: {[00XXXXXXXX, {0010100101 0001111110 0000010011 }], [00XX1XX1XX, {0010100101 0001111110 }], [NS, {}], [000XX1XX1X, {0001111110 0000010011 }], [0010100101, {0010100101 }], [0001111110, {0001111110 }], [0000010011, {0000010011 }], [00X0XX0XX1, {0010100101 0000010011 }], }
----------增加标签0010101011----------
i = 8
-----更新CCB-----
CCB: {[00XXXXXXXX, {0010100101 0001111110 0010101011 0000010011 }], [00XX1XXXXX, {0010100101 0001111110 0010101011 }], [00XXXXXX1X, {0001111110 0010101011 0000010011 }], [00XX1X1X1X, {0001111110 0010101011 }], [00X0XXX011, {0010101011 0000010011 }], [00X0XXXXX1, {0010100101 0010101011 0000010011 }], [0010101011, {0010101011 }], [001010XXX1, {0010100101 0010101011 }], }
-----CCB和PCB有重复，不再增加标签-----
-----广播5和3-----
---------------标签的ASC在[5和8) 之间的标签发送ID-----------------
****标签（1110001011, 0）接收广播时发生错误****
****标签（0010100101, 7）接收广播时发生错误****
****标签（1110000010, 19）接收广播时发生错误****
receive msg from tag: 0001111110
识别标签[0001111110]
-----重置状态-----
CUCS: {}
CCB: {[0010101011, {}], }
PCB: {[NS, {}], }

----------增加标签0010101011----------
i = 8
-----更新CCB-----
CCB: {[0010101011, {0010101011 }], }
-----CCB和PCB没重复，增加标签-----
-----结束时状态-----
CUCS: {8, }
CCB: {[0010101011, {0010101011 }], }
PCB: {[NS, {}], [0010101011, {0010101011 }], }
----------增加标签1111100000----------
i = 9
-----更新CCB-----
CCB: {[XX1X10X0XX, {1111100000 0010101011 }], [1111100000, {1111100000 }], }
-----CCB和PCB没重复，增加标签-----
-----结束时状态-----
CUCS: {8, 9, }
CCB: {[XX1X10X0XX, {1111100000 0010101011 }], [1111100000, {1111100000 }], }
PCB: {[XX1X10X0XX, {1111100000 0010101011 }], [1111100000, {1111100000 }], [NS, {}], [0010101011, {0010101011 }], }
----------增加标签0001111011----------
i = 10
-----更新CCB-----
CCB: {[XXXX1XX0XX, {1111100000 0010101011 0001111011 }], [XXX11XX0XX, {1111100000 0001111011 }], [00XX1X1011, {0010101011 0001111011 }], [0001111011, {0001111011 }], }
-----CCB和PCB没重复，增加标签-----
-----结束时状态-----
CUCS: {8, 9, 10, }
CCB: {[XXXX1XX0XX, {1111100000 0010101011 0001111011 }], [XXX11XX0XX, {1111100000 0001111011 }], [00XX1X1011, {0010101011 0001111011 }], [0001111011, {0001111011 }], }
PCB: {[XXXX1XX0XX, {1111100000 0010101011 0001111011 }], [XX1X10X0XX, {1111100000 0010101011 }], [1111100000, {1111100000 }], [XXX11XX0XX, {1111100000 0001111011 }], [00XX1X1011, {0010101011 0001111011 }], [NS, {}], [0010101011, {0010101011 }], [0001111011, {0001111011 }], }
----------增加标签1010100101----------
i = 11
-----更新CCB-----
CCB: {[1X1X100X0X, {1111100000 1010100101 }], [X0XX1XXXX1, {0010101011 0001111011 1010100101 }], [XXXX1XXXXX, {1111100000 0010101011 0001111011 1010100101 }], [XX1X10XXXX, {1111100000 0010101011 1010100101 }], [X01010XXX1, {0010101011 1010100101 }], [1010100101, {1010100101 }], }
-----CCB和PCB有重复，不再增加标签-----
-----广播8和3-----
---------------标签的ASC在[8和11) 之间的标签发送ID-----------------
****标签（1010100101, 11）接收广播时发生错误****
****标签（1101110001, 12）接收广播时发生错误****
****标签（0010101011, 8）发送反馈时发生错误****
receive msg from tag: XXX11XX0XX
识别标签[1111100000, 0001111011]
-----重置状态-----
CUCS: {}
CCB: {[1010100101, {}], }
PCB: {[NS, {}], }

----------增加标签1010100101----------
i = 11
-----更新CCB-----
CCB: {[1010100101, {1010100101 }], }
-----CCB和PCB没重复，增加标签-----
-----结束时状态-----
CUCS: {11, }
CCB: {[1010100101, {1010100101 }], }
PCB: {[NS, {}], [1010100101, {1010100101 }], }
----------增加标签1101110001----------
i = 12
-----更新CCB-----
CCB: {[1101110001, {1101110001 }], [1XXX1X0X01, {1101110001 1010100101 }], }
-----CCB和PCB没重复，增加标签-----
-----结束时状态-----
CUCS: {11, 12, }
CCB: {[1101110001, {1101110001 }], [1XXX1X0X01, {1101110001 1010100101 }], }
PCB: {[NS, {}], [1101110001, {1101110001 }], [1XXX1X0X01, {1101110001 1010100101 }], [1010100101, {1010100101 }], }
----------增加标签1111000101----------
i = 13
-----更新CCB-----
CCB: {[1X1XX00101, {1111000101 1010100101 }], [1111000101, {1111000101 }], [11X1XX0X01, {1111000101 1101110001 }], [1XXXXX0X01, {1111000101 1101110001 1010100101 }], }
-----CCB和PCB没重复，增加标签-----
-----结束时状态-----
CUCS: {11, 12, 13, }
CCB: {[1X1XX00101, {1111000101 1010100101 }], [1111000101, {1111000101 }], [11X1XX0X01, {1111000101 1101110001 }], [1XXXXX0X01, {1111000101 1101110001 1010100101 }], }
PCB: {[1X1XX00101, {1111000101 1010100101 }], [1111000101, {1111000101 }], [NS, {}], [11X1XX0X01, {1111000101 1101110001 }], [1101110001, {1101110001 }], [1XXX1X0X01, {1101110001 1010100101 }], [1XXXXX0X01, {1111000101 1101110001 1010100101 }], [1010100101, {1010100101 }], }
----------增加标签0110011011----------
i = 14
-----更新CCB-----
CCB: {[X11X0XXXX1, {1111000101 0110011011 }], [0110011011, {0110011011 }], [XXXXXXXXX1, {0110011011 1101110001 1010100101 }], [X1XXX1X0X1, {0110011011 1101110001 }], [X1XXXXXXX1, {1111000101 0110011011 1101110001 }], [XX10XXXXX1, {0110011011 1010100101 }], [XX1XXXXXX1, {1111000101 0110011011 1010100101 }], }
-----CCB和PCB有重复，不再增加标签-----
-----广播11和3-----
---------------标签的ASC在[11和14) 之间的标签发送ID-----------------
****标签（1110001011, 0）接收广播时发生错误****
****标签（1110101001, 15）接收广播时发生错误****
receive msg from tag: 1XXXXX0X01
识别标签[1111000101, 1101110001, 1010100101]
-----重置状态-----
CUCS: {}
CCB: {[0110011011, {}], }
PCB: {[NS, {}], }

----------增加标签0110011011----------
i = 14
-----更新CCB-----
CCB: {[0110011011, {0110011011 }], }
-----CCB和PCB没重复，增加标签-----
-----结束时状态-----
CUCS: {14, }
CCB: {[0110011011, {0110011011 }], }
PCB: {[NS, {}], [0110011011, {0110011011 }], }
----------增加标签1110101001----------
i = 15
-----更新CCB-----
CCB: {[X110XX10X1, {0110011011 1110101001 }], [1110101001, {1110101001 }], }
-----CCB和PCB没重复，增加标签-----
-----结束时状态-----
CUCS: {14, 15, }
CCB: {[X110XX10X1, {0110011011 1110101001 }], [1110101001, {1110101001 }], }
PCB: {[NS, {}], [0110011011, {0110011011 }], [X110XX10X1, {0110011011 1110101001 }], [1110101001, {1110101001 }], }
----------增加标签0110000100----------
i = 16
-----更新CCB-----
CCB: {[X110XXXXXX, {0110011011 0110000100 1110101001 }], [01100XXXXX, {0110011011 0110000100 }], [0110000100, {0110000100 }], [X110X0XX0X, {0110000100 1110101001 }], }
-----CCB和PCB没重复，增加标签-----
-----结束时状态-----
CUCS: {16, 14, 15, }
CCB: {[X110XXXXXX, {0110011011 0110000100 1110101001 }], [01100XXXXX, {0110011011 0110000100 }], [0110000100, {0110000100 }], [X110X0XX0X, {0110000100 1110101001 }], }
PCB: {[X110XXXXXX, {0110011011 0110000100 1110101001 }], [NS, {}], [0110011011, {0110011011 }], [01100XXXXX, {0110011011 0110000100 }], [X110XX10X1, {0110011011 1110101001 }], [0110000100, {0110000100 }], [1110101001, {1110101001 }], [X110X0XX0X, {0110000100 1110101001 }], }
----------增加标签0010101010----------
i = 17
-----更新CCB-----
CCB: {[0X10XX101X, {0110011011 0010101010 }], [XX10X0XXXX, {0110000100 1110101001 0010101010 }], [XX10XXXXXX, {0110011011 0110000100 1110101001 0010101010 }], [0010101010, {0010101010 }], [0X10XXXXXX, {0110011011 0110000100 0010101010 }], [XX10XX10XX, {0110011011 1110101001 0010101010 }], [0X10X0XXX0, {0110000100 0010101010 }], [XX101010XX, {1110101001 0010101010 }], }
-----CCB和PCB没重复，增加标签-----
-----结束时状态-----
CUCS: {16, 17, 14, 15, }
CCB: {[0X10XX101X, {0110011011 0010101010 }], [XX10X0XXXX, {0110000100 1110101001 0010101010 }], [XX10XXXXXX, {0110011011 0110000100 1110101001 0010101010 }], [0010101010, {0010101010 }], [0X10XXXXXX, {0110011011 0110000100 0010101010 }], [XX10XX10XX, {0110011011 1110101001 0010101010 }], [0X10X0XXX0, {0110000100 0010101010 }], [XX101010XX, {1110101001 0010101010 }], }
PCB: {[0X10XX101X, {0110011011 0010101010 }], [NS, {}], [01100XXXXX, {0110011011 0110000100 }], [X110XX10X1, {0110011011 1110101001 }], [0110000100, {0110000100 }], [XX10XXXXXX, {0110011011 0110000100 1110101001 0010101010 }], [0010101010, {0010101010 }], [X110X0XX0X, {0110000100 1110101001 }], [X110XXXXXX, {0110011011 0110000100 1110101001 }], [0110011011, {0110011011 }], [XX10X0XXXX, {0110000100 1110101001 0010101010 }], [1110101001, {1110101001 }], [0X10XXXXXX, {0110011011 0110000100 0010101010 }], [XX10XX10XX, {0110011011 1110101001 0010101010 }], [0X10X0XXX0, {0110000100 0010101010 }], [XX101010XX, {1110101001 0010101010 }], }
----------增加标签1010101101----------
i = 18
-----更新CCB-----
CCB: {[XX10XX1XXX, {0110011011 0010101010 1010101101 }], [XX10X0XXXX, {0110000100 1110101001 0010101010 1010101101 }], [XX10101XXX, {1110101001 0010101010 1010101101 }], [XX10X0X10X, {0110000100 1010101101 }], [XX10XXXXXX, {0110011011 0110000100 1010101101 }], [XX10XX1XX1, {0110011011 1110101001 1010101101 }], [X010101XXX, {0010101010 1010101101 }], [XX10X0XX0X, {0110000100 1110101001 1010101101 }], [1010101101, {1010101101 }], [1X10101X01, {1110101001 1010101101 }], }
-----CCB和PCB有重复，不再增加标签-----
-----广播14和4-----
---------------标签的ASC在[14和18) 之间的标签发送ID-----------------
****标签（1110001011, 0）接收广播时发生错误****
****标签（1010100101, 11）接收广播时发生错误****
receive msg from tag: XX10XX10XX
识别标签[0110011011, 1110101001, 0010101010]
-----重置状态-----
CUCS: {}
CCB: {[1010101101, {}], }
PCB: {[NS, {}], }

----------增加标签1010101101----------
i = 18
-----更新CCB-----
CCB: {[1010101101, {1010101101 }], }
-----CCB和PCB没重复，增加标签-----
-----结束时状态-----
CUCS: {18, }
CCB: {[1010101101, {1010101101 }], }
PCB: {[NS, {}], [1010101101, {1010101101 }], }
----------增加标签1110000010----------
i = 19
-----更新CCB-----
CCB: {[1110000010, {1110000010 }], [1X10X0XXXX, {1110000010 1010101101 }], }
-----CCB和PCB没重复，增加标签-----
-----结束时状态-----
CUCS: {18, 19, }
CCB: {[1110000010, {1110000010 }], [1X10X0XXXX, {1110000010 1010101101 }], }
PCB: {[NS, {}], [1110000010, {1110000010 }], [1X10X0XXXX, {1110000010 1010101101 }], [1010101101, {1010101101 }], }
----------最后一个标签----------
-----广播18和2-----
----------------标签的ASC在[18和20) 之间的标签发送ID------------------
****标签（0001111011, 10）接收广播时发生错误****
****标签（1110101001, 15）接收广播时发生错误****
****标签（1110000010, 19）发送反馈时发生错误****
receive msg from tag: 1010101101
识别标签[1010101101]
沉默标签0010001001
沉默标签0010100101
---------这轮识别结束，共消耗6个时隙
---------已识别标签列表如下：
1110001011
0001111110
1111100000
0001111011
1111000101
1101110001
1010100101
0110011011
1110101001
0010101010
1010101101
